[2026-03-15T13:56:14.997Z] [INFO] MySQL数据库连接成功
[2026-03-15T13:56:15.017Z] [INFO] 用户表已就绪
[2026-03-15T13:56:15.020Z] [INFO] 会话表已就绪
[2026-03-15T13:56:15.022Z] [INFO] 行程表已就绪
[2026-03-15T13:56:15.047Z] [INFO] 行程对话表已就绪
[2026-03-15T13:56:15.049Z] [INFO] 行程路径表已就绪
[2026-03-15T13:56:15.058Z] [INFO] 收藏表已就绪
[2026-03-15T13:56:15.061Z] [INFO] 分享表已就绪
[2026-03-15T13:56:15.321Z] [ERROR] SMTP连接失败: Invalid login: 535 Login fail. Account is abnormal, service is not open, password is incorrect, login frequency limited, or system is busy. More information at https://help.mail.qq.com/detail/108/1023
[2026-03-15T14:00:45.815Z] [INFO] MySQL数据库连接成功
[2026-03-15T14:00:45.820Z] [INFO] 用户表已就绪
[2026-03-15T14:00:45.822Z] [INFO] 会话表已就绪
[2026-03-15T14:00:45.824Z] [INFO] 行程表已就绪
[2026-03-15T14:00:45.830Z] [INFO] 行程对话表已就绪
[2026-03-15T14:00:45.833Z] [INFO] 行程路径表已就绪
[2026-03-15T14:00:45.834Z] [INFO] 收藏表已就绪
[2026-03-15T14:00:45.836Z] [INFO] 分享表已就绪
[2026-03-15T14:00:46.073Z] [ERROR] SMTP连接失败: Invalid login: 535 Login fail. Account is abnormal, service is not open, password is incorrect, login frequency limited, or system is busy. More information at https://help.mail.qq.com/detail/108/1023
[2026-03-15T14:01:14.526Z] [INFO] MySQL数据库连接成功
[2026-03-15T14:01:14.532Z] [INFO] 用户表已就绪
[2026-03-15T14:01:14.534Z] [INFO] 会话表已就绪
[2026-03-15T14:01:14.536Z] [INFO] 行程表已就绪
[2026-03-15T14:01:14.543Z] [INFO] 行程对话表已就绪
[2026-03-15T14:01:14.545Z] [INFO] 行程路径表已就绪
[2026-03-15T14:01:14.547Z] [INFO] 收藏表已就绪
[2026-03-15T14:01:14.549Z] [INFO] 分享表已就绪
[2026-03-15T14:01:14.743Z] [ERROR] SMTP连接失败: Invalid login: 535 Login fail. Account is abnormal, service is not open, password is incorrect, login frequency limited, or system is busy. More information at https://help.mail.qq.com/detail/108/1023
[2026-03-15T14:01:46.948Z] [INFO] MySQL数据库连接成功
[2026-03-15T14:01:46.953Z] [INFO] 用户表已就绪
[2026-03-15T14:01:46.955Z] [INFO] 会话表已就绪
[2026-03-15T14:01:46.957Z] [INFO] 行程表已就绪
[2026-03-15T14:01:46.964Z] [INFO] 行程对话表已就绪
[2026-03-15T14:01:46.966Z] [INFO] 行程路径表已就绪
[2026-03-15T14:01:46.967Z] [INFO] 收藏表已就绪
[2026-03-15T14:01:46.969Z] [INFO] 分享表已就绪
[2026-03-15T14:01:47.364Z] [INFO] SMTP服务器连接成功
[2026-03-15T14:02:03.044Z] [INFO] 更新行程成功: d112cbd1-0d64-4d21-b173-dfaf4c468630
[2026-03-15T14:02:05.200Z] [INFO] 更新行程成功: d112cbd1-0d64-4d21-b173-dfaf4c468630
[2026-03-15T14:02:09.612Z] [INFO] 更新行程成功: d112cbd1-0d64-4d21-b173-dfaf4c468630
[2026-03-15T14:02:11.656Z] [INFO] 更新行程成功: d112cbd1-0d64-4d21-b173-dfaf4c468630
[2026-03-15T14:02:13.223Z] [INFO] 删除行程成功: d112cbd1-0d64-4d21-b173-dfaf4c468630
[2026-03-15T14:02:16.684Z] [INFO] 删除行程成功: d00df19a-7eeb-483c-acc0-8968222e28cf
[2026-03-15T14:02:18.456Z] [INFO] 更新行程成功: d112cbd1-0d64-4d21-b173-dfaf4c468630
[2026-03-15T14:02:18.457Z] [ERROR] 获取行程失败: 行程不存在
[2026-03-15T14:02:18.457Z] [ERROR] 保存行程失败: 行程不存在
[2026-03-15T14:02:20.470Z] [INFO] 更新行程成功: d112cbd1-0d64-4d21-b173-dfaf4c468630
[2026-03-15T14:02:20.472Z] [ERROR] 获取行程失败: 行程不存在
[2026-03-15T14:02:20.472Z] [ERROR] 保存行程失败: 行程不存在
[2026-03-15T14:02:20.883Z] [ERROR] 获取行程失败: 行程不存在
[2026-03-15T14:02:20.884Z] [ERROR] 获取行程失败: 行程不存在
[2026-03-15T14:02:32.892Z] [INFO] 创建行程成功: bb9bdd6a-9ad0-4b43-970b-39f23c9029b9
[2026-03-15T14:06:46.884Z] [INFO] 清理过期验证码: 0 条记录保留
[2026-03-15T14:11:46.897Z] [INFO] 清理过期验证码: 0 条记录保留
[2026-03-15T14:16:46.899Z] [INFO] 清理过期验证码: 0 条记录保留
[2026-03-15T14:21:46.908Z] [INFO] 清理过期验证码: 0 条记录保留
[2026-03-15T14:26:46.914Z] [INFO] 清理过期验证码: 0 条记录保留
[2026-03-15T14:27:18.379Z] [INFO] MySQL数据库连接成功
[2026-03-15T14:27:18.384Z] [INFO] 用户表已就绪
[2026-03-15T14:27:18.386Z] [INFO] 会话表已就绪
[2026-03-15T14:27:18.388Z] [INFO] 行程表已就绪
[2026-03-15T14:27:18.396Z] [INFO] 行程对话表已就绪
[2026-03-15T14:27:18.398Z] [INFO] 行程路径表已就绪
[2026-03-15T14:27:18.400Z] [INFO] 收藏表已就绪
[2026-03-15T14:27:18.402Z] [INFO] 分享表已就绪
[2026-03-15T14:27:18.694Z] [INFO] SMTP服务器连接成功
[2026-03-15T14:32:18.322Z] [INFO] 清理过期验证码: 0 条记录保留
[2026-03-15T14:37:18.324Z] [INFO] 清理过期验证码: 0 条记录保留
[2026-03-15T14:42:18.329Z] [INFO] 清理过期验证码: 0 条记录保留
[2026-03-15T14:47:18.336Z] [INFO] 清理过期验证码: 0 条记录保留
